Running in verbose mode

-----------------------------------------------------------------
  pg_upgrade run on Mon Mar 23 22:42:55 2015
-----------------------------------------------------------------

check for "/usr/local/Cellar/postgresql/9.3.5_1/bin" failed: No such file or directory


-----------------------------------------------------------------
  pg_upgrade run on Mon Mar 23 22:48:19 2015
-----------------------------------------------------------------

You must identify the directory where the old cluster binaries reside.
Please use the -b command-line option or the PGBINOLD environment variable.
Running in verbose mode

-----------------------------------------------------------------
  pg_upgrade run on Mon Mar 23 22:48:41 2015
-----------------------------------------------------------------

check for "/usr/local/Cellar/postgresql/9.3.5/bin" failed: No such file or directory

Running in verbose mode

-----------------------------------------------------------------
  pg_upgrade run on Mon Mar 23 22:48:55 2015
-----------------------------------------------------------------

check for "/usr/local/Cellar/postgresql/9.3/bin" failed: No such file or directory

